2026-03-03 19:07:59 [simulation_context.py:836] WARNING: The `enable_external_forces_every_iteration` parameter in the PhysxCfg is set to False. If you are experiencing noisy velocities, consider enabling this flag. You may need to slightly increase the number of velocity iterations (setting it to 1 or 2 rather than 0), together with this flag, to improve the accuracy of velocity updates.
2026-03-03 19:07:59 [manager_based_env.py:130] WARNING: The render interval (1) is smaller than the decimation (4). Multiple render calls will happen for each environment step. If this is not intended, set the render interval to be equal to the decimation.
2026-03-03 19:08:00 [schemas.py:557] DEBUG: Adding contact report API to prim: '/World/envs/env_0/Robot/Trunk'
2026-03-03 19:08:00 [schemas.py:557] DEBUG: Adding contact report API to prim: '/World/envs/env_0/Robot/Head_1'
2026-03-03 19:08:00 [schemas.py:557] DEBUG: Adding contact report API to prim: '/World/envs/env_0/Robot/Head_2'
2026-03-03 19:08:00 [schemas.py:557] DEBUG: Adding contact report API to prim: '/World/envs/env_0/Robot/Left_Arm_1'
2026-03-03 19:08:00 [schemas.py:557] DEBUG: Adding contact report API to prim: '/World/envs/env_0/Robot/Left_Arm_2'
2026-03-03 19:08:00 [schemas.py:557] DEBUG: Adding contact report API to prim: '/World/envs/env_0/Robot/Left_Arm_3'
2026-03-03 19:08:00 [schemas.py:557] DEBUG: Adding contact report API to prim: '/World/envs/env_0/Robot/left_hand_link'
2026-03-03 19:08:00 [schemas.py:557] DEBUG: Adding contact report API to prim: '/World/envs/env_0/Robot/Right_Arm_1'
2026-03-03 19:08:00 [schemas.py:557] DEBUG: Adding contact report API to prim: '/World/envs/env_0/Robot/Right_Arm_2'
2026-03-03 19:08:00 [schemas.py:557] DEBUG: Adding contact report API to prim: '/World/envs/env_0/Robot/Right_Arm_3'
2026-03-03 19:08:00 [schemas.py:557] DEBUG: Adding contact report API to prim: '/World/envs/env_0/Robot/right_hand_link'
2026-03-03 19:08:00 [schemas.py:557] DEBUG: Adding contact report API to prim: '/World/envs/env_0/Robot/Left_Hip_Pitch'
2026-03-03 19:08:00 [schemas.py:557] DEBUG: Adding contact report API to prim: '/World/envs/env_0/Robot/Left_Hip_Roll'
2026-03-03 19:08:00 [schemas.py:557] DEBUG: Adding contact report API to prim: '/World/envs/env_0/Robot/Left_Hip_Yaw'
2026-03-03 19:08:00 [schemas.py:557] DEBUG: Adding contact report API to prim: '/World/envs/env_0/Robot/Left_Shank'
2026-03-03 19:08:00 [schemas.py:557] DEBUG: Adding contact report API to prim: '/World/envs/env_0/Robot/Left_Ankle_Cross'
2026-03-03 19:08:00 [schemas.py:557] DEBUG: Adding contact report API to prim: '/World/envs/env_0/Robot/left_foot_link'
2026-03-03 19:08:00 [schemas.py:557] DEBUG: Adding contact report API to prim: '/World/envs/env_0/Robot/Right_Hip_Pitch'
2026-03-03 19:08:00 [schemas.py:557] DEBUG: Adding contact report API to prim: '/World/envs/env_0/Robot/Right_Hip_Roll'
2026-03-03 19:08:00 [schemas.py:557] DEBUG: Adding contact report API to prim: '/World/envs/env_0/Robot/Right_Hip_Yaw'
2026-03-03 19:08:00 [schemas.py:557] DEBUG: Adding contact report API to prim: '/World/envs/env_0/Robot/Right_Shank'
2026-03-03 19:08:00 [schemas.py:557] DEBUG: Adding contact report API to prim: '/World/envs/env_0/Robot/Right_Ankle_Cross'
2026-03-03 19:08:00 [schemas.py:557] DEBUG: Adding contact report API to prim: '/World/envs/env_0/Robot/right_foot_link'
2026-03-03 19:08:00 [articulation.py:1569] INFO: Articulation initialized at: /World/envs/env_.*/Robot with root '/World/envs/env_.*/Robot/Trunk'.
2026-03-03 19:08:00 [articulation.py:1570] INFO: Is fixed root: False
2026-03-03 19:08:00 [articulation.py:1571] INFO: Number of bodies: 23
2026-03-03 19:08:00 [articulation.py:1572] INFO: Body names: ['Trunk', 'Head_1', 'Left_Arm_1', 'Right_Arm_1', 'Left_Hip_Pitch', 'Right_Hip_Pitch', 'Head_2', 'Left_Arm_2', 'Right_Arm_2', 'Left_Hip_Roll', 'Right_Hip_Roll', 'Left_Arm_3', 'Right_Arm_3', 'Left_Hip_Yaw', 'Right_Hip_Yaw', 'left_hand_link', 'right_hand_link', 'Left_Shank', 'Right_Shank', 'Left_Ankle_Cross', 'Right_Ankle_Cross', 'left_foot_link', 'right_foot_link']
2026-03-03 19:08:00 [articulation.py:1573] INFO: Number of joints: 22
2026-03-03 19:08:00 [articulation.py:1574] INFO: Joint names: ['AAHead_yaw', 'ALeft_Shoulder_Pitch', 'ARight_Shoulder_Pitch', 'Left_Hip_Pitch', 'Right_Hip_Pitch', 'Head_pitch', 'Left_Shoulder_Roll', 'Right_Shoulder_Roll', 'Left_Hip_Roll', 'Right_Hip_Roll', 'Left_Elbow_Pitch', 'Right_Elbow_Pitch', 'Left_Hip_Yaw', 'Right_Hip_Yaw', 'Left_Elbow_Yaw', 'Right_Elbow_Yaw', 'Left_Knee_Pitch', 'Right_Knee_Pitch', 'Left_Ankle_Pitch', 'Right_Ankle_Pitch', 'Left_Ankle_Roll', 'Right_Ankle_Roll']
2026-03-03 19:08:00 [articulation.py:1575] INFO: Number of fixed tendons: 0
2026-03-03 19:08:00 [articulation.py:1753] INFO: Actuator collection: legs with model 'DelayedImplicitActuator' (type: implicit) and joint names: ['Left_Hip_Pitch', 'Right_Hip_Pitch', 'Left_Hip_Roll', 'Right_Hip_Roll', 'Left_Hip_Yaw', 'Right_Hip_Yaw', 'Left_Knee_Pitch', 'Right_Knee_Pitch'] [tensor([ 3,  4,  8,  9, 12, 13, 16, 17], device='cuda:0')].
2026-03-03 19:08:00 [articulation.py:1753] INFO: Actuator collection: feet with model 'DelayedImplicitActuator' (type: implicit) and joint names: ['Left_Ankle_Pitch', 'Right_Ankle_Pitch', 'Left_Ankle_Roll', 'Right_Ankle_Roll'] [tensor([18, 19, 20, 21], device='cuda:0')].
2026-03-03 19:08:00 [articulation.py:1753] INFO: Actuator collection: arms with model 'DelayedImplicitActuator' (type: implicit) and joint names: ['ALeft_Shoulder_Pitch', 'ARight_Shoulder_Pitch', 'Left_Shoulder_Roll', 'Right_Shoulder_Roll', 'Left_Elbow_Pitch', 'Right_Elbow_Pitch', 'Left_Elbow_Yaw', 'Right_Elbow_Yaw'] [tensor([ 1,  2,  6,  7, 10, 11, 14, 15], device='cuda:0')].
2026-03-03 19:08:00 [articulation.py:1753] INFO: Actuator collection: head with model 'DelayedImplicitActuator' (type: implicit) and joint names: ['AAHead_yaw', 'Head_pitch'] [tensor([0, 5], device='cuda:0')].
2026-03-03 19:08:00 [articulation.py:2028] INFO: Simulation parameters for joints in /World/envs/env_.*/Robot:
+----------------------------------------------------------------------------------------------------------------------------------------------------------------------------+
|                                                     Simulation Joint Information (Prim path: /World/envs/env_.*/Robot)                                                     |
+-------+-----------------------+-----------+---------+----------+-----------------+------------------+------------------+-----------------+-----------------+---------------+
| Index | Name                  | Stiffness | Damping | Armature | Static Friction | Dynamic Friction | Viscous Friction | Position Limits | Velocity Limits | Effort Limits |
+-------+-----------------------+-----------+---------+----------+-----------------+------------------+------------------+-----------------+-----------------+---------------+
|   0   | AAHead_yaw            |   4.000   |  1.000  |  0.001   |      0.000      |      0.000       |      0.000       | [-1.000, 1.000] |      20.000     |     6.000     |
|   1   | ALeft_Shoulder_Pitch  |   4.000   |  1.000  |  0.001   |      0.000      |      0.000       |      0.000       | [-3.316, 1.220] |      18.000     |     14.000    |
|   2   | ARight_Shoulder_Pitch |   4.000   |  1.000  |  0.001   |      0.000      |      0.000       |      0.000       | [-3.316, 1.220] |      18.000     |     14.000    |
|   3   | Left_Hip_Pitch        |   80.000  |  2.000  |  0.048   |      0.000      |      0.000       |      0.000       | [-3.000, 2.210] |      8.000      |     30.000    |
|   4   | Right_Hip_Pitch       |   80.000  |  2.000  |  0.048   |      0.000      |      0.000       |      0.000       | [-3.000, 2.210] |      8.000      |     30.000    |
|   5   | Head_pitch            |   4.000   |  1.000  |  0.001   |      0.000      |      0.000       |      0.000       | [-0.349, 0.855] |      20.000     |     6.000     |
|   6   | Left_Shoulder_Roll    |   4.000   |  1.000  |  0.001   |      0.000      |      0.000       |      0.000       | [-1.740, 1.570] |      18.000     |     14.000    |
|   7   | Right_Shoulder_Roll   |   4.000   |  1.000  |  0.001   |      0.000      |      0.000       |      0.000       | [-1.570, 1.740] |      18.000     |     14.000    |
|   8   | Left_Hip_Roll         |   80.000  |  2.000  |  0.034   |      0.000      |      0.000       |      0.000       | [-0.400, 1.570] |      12.900     |     35.000    |
|   9   | Right_Hip_Roll        |   80.000  |  2.000  |  0.034   |      0.000      |      0.000       |      0.000       | [-1.570, 0.400] |      12.900     |     35.000    |
|   10  | Left_Elbow_Pitch      |   4.000   |  1.000  |  0.001   |      0.000      |      0.000       |      0.000       | [-2.270, 2.270] |      18.000     |     14.000    |
|   11  | Right_Elbow_Pitch     |   4.000   |  1.000  |  0.001   |      0.000      |      0.000       |      0.000       | [-2.270, 2.270] |      18.000     |     14.000    |
|   12  | Left_Hip_Yaw          |   80.000  |  2.000  |  0.028   |      0.000      |      0.000       |      0.000       | [-1.000, 1.000] |      18.000     |     20.000    |
|   13  | Right_Hip_Yaw         |   80.000  |  2.000  |  0.028   |      0.000      |      0.000       |      0.000       | [-1.000, 1.000] |      18.000     |     20.000    |
|   14  | Left_Elbow_Yaw        |   4.000   |  1.000  |  0.001   |      0.000      |      0.000       |      0.000       | [-2.440, 0.000] |      18.000     |     14.000    |
|   15  | Right_Elbow_Yaw       |   4.000   |  1.000  |  0.001   |      0.000      |      0.000       |      0.000       |  [0.000, 2.440] |      18.000     |     14.000    |
|   16  | Left_Knee_Pitch       |   80.000  |  2.000  |  0.096   |      0.000      |      0.000       |      0.000       |  [0.000, 2.230] |      12.500     |     40.000    |
|   17  | Right_Knee_Pitch      |   80.000  |  2.000  |  0.096   |      0.000      |      0.000       |      0.000       |  [0.000, 2.230] |      12.500     |     40.000    |
|   18  | Left_Ankle_Pitch      |   30.000  |  2.000  |  0.057   |      0.000      |      0.000       |      0.000       | [-0.870, 0.345] |      18.000     |     20.000    |
|   19  | Right_Ankle_Pitch     |   30.000  |  2.000  |  0.057   |      0.000      |      0.000       |      0.000       | [-0.870, 0.345] |      18.000     |     20.000    |
|   20  | Left_Ankle_Roll       |   30.000  |  2.000  |  0.057   |      0.000      |      0.000       |      0.000       | [-0.345, 0.345] |      18.000     |     20.000    |
|   21  | Right_Ankle_Roll      |   30.000  |  2.000  |  0.057   |      0.000      |      0.000       |      0.000       | [-0.345, 0.345] |      18.000     |     20.000    |
+-------+-----------------------+-----------+---------+----------+-----------------+------------------+------------------+-----------------+-----------------+---------------+
2026-03-03 19:08:01 [joint_actions.py:70] INFO: Resolved joint names for the action term JointPositionAction: ['Left_Hip_Pitch', 'Right_Hip_Pitch', 'Left_Hip_Roll', 'Right_Hip_Roll', 'Left_Hip_Yaw', 'Right_Hip_Yaw', 'Left_Knee_Pitch', 'Right_Knee_Pitch', 'Left_Ankle_Pitch', 'Right_Ankle_Pitch', 'Left_Ankle_Roll', 'Right_Ankle_Roll'] [[3, 4, 8, 9, 12, 13, 16, 17, 18, 19, 20, 21]]
2026-03-03 19:08:01 [manager_base.py:411] INFO: [ObservationTermCfg:policy/joint_pos] Found entity 'robot'.
	Joint names: None [slice(None, None, None)]
	Body names: None [slice(None, None, None)]
2026-03-03 19:08:01 [manager_base.py:411] INFO: [ObservationTermCfg:policy/joint_vel] Found entity 'robot'.
	Joint names: None [slice(None, None, None)]
	Body names: None [slice(None, None, None)]
