2026-03-03 16:43:39 [simulation_context.py:836] WARNING: The `enable_external_forces_every_iteration` parameter in the PhysxCfg is set to False. If you are experiencing noisy velocities, consider enabling this flag. You may need to slightly increase the number of velocity iterations (setting it to 1 or 2 rather than 0), together with this flag, to improve the accuracy of velocity updates.
2026-03-03 16:43:40 [xform_prim_view.py:141] DEBUG: Using Fabric for the XFormPrimView over '/World/defaultGroundPlane' on device 'cuda:0'.
2026-03-03 16:43:40 [xform_prim_view.py:141] DEBUG: Using Fabric for the XFormPrimView over '/World/Light' on device 'cuda:0'.
2026-03-03 16:43:40 [articulation.py:1569] INFO: Articulation initialized at: /World/envs/env_.*/Robot with root '/World/envs/env_.*/Robot'.
2026-03-03 16:43:40 [articulation.py:1570] INFO: Is fixed root: True
2026-03-03 16:43:40 [articulation.py:1571] INFO: Number of bodies: 3
2026-03-03 16:43:40 [articulation.py:1572] INFO: Body names: ['slider', 'cart', 'pole']
2026-03-03 16:43:40 [articulation.py:1573] INFO: Number of joints: 2
2026-03-03 16:43:40 [articulation.py:1574] INFO: Joint names: ['slider_to_cart', 'cart_to_pole']
2026-03-03 16:43:40 [articulation.py:1575] INFO: Number of fixed tendons: 0
2026-03-03 16:43:41 [articulation.py:1753] INFO: Actuator collection: cart_actuator with model 'ImplicitActuator' (type: implicit) and joint names: ['slider_to_cart'] [tensor([0], device='cuda:0')].
2026-03-03 16:43:41 [articulation.py:1753] INFO: Actuator collection: pole_actuator with model 'ImplicitActuator' (type: implicit) and joint names: ['cart_to_pole'] [tensor([1], device='cuda:0')].
2026-03-03 16:43:41 [articulation.py:2028] INFO: Simulation parameters for joints in /World/envs/env_.*/Robot:
+-------------------------------------------------------------------------------------------------------------------------------------------------------------------------+
|                                                    Simulation Joint Information (Prim path: /World/envs/env_.*/Robot)                                                   |
+-------+----------------+-----------+---------+----------+-----------------+------------------+------------------+---------------------+-----------------+---------------+
| Index | Name           | Stiffness | Damping | Armature | Static Friction | Dynamic Friction | Viscous Friction |   Position Limits   | Velocity Limits | Effort Limits |
+-------+----------------+-----------+---------+----------+-----------------+------------------+------------------+---------------------+-----------------+---------------+
|   0   | slider_to_cart |   0.000   |  10.000 |  0.000   |      0.000      |      0.000       |      0.000       |   [-4.000, 4.000]   |     100.000     |    400.000    |
|   1   | cart_to_pole   |   0.000   |  0.000  |  0.000   |      0.000      |      0.000       |      0.000       | [-3.4e+38, 3.4e+38] |      8.000      |    400.000    |
+-------+----------------+-----------+---------+----------+-----------------+------------------+------------------+---------------------+-----------------+---------------+
